<html>
<head>
<title>TestNG:  Default test</title>
<link href="../testng.css" rel="stylesheet" type="text/css" />
<link href="../my-testng.css" rel="stylesheet" type="text/css" />

<style type="text/css">
.log { display: none;} 
.stack-trace { display: none;} 
</style>
<script type="text/javascript">
<!--
function flip(e) {
  current = e.style.display;
  if (current == 'block') {
    e.style.display = 'none';
    return 0;
  }
  else {
    e.style.display = 'block';
    return 1;
  }
}

function toggleBox(szDivId, elem, msg1, msg2)
{
  var res = -1;  if (document.getElementById) {
    res = flip(document.getElementById(szDivId));
  }
  else if (document.all) {
    // this is the way old msie versions work
    res = flip(document.all[szDivId]);
  }
  if(elem) {
    if(res == 0) elem.innerHTML = msg1; else elem.innerHTML = msg2;
  }

}

function toggleAllBoxes() {
  if (document.getElementsByTagName) {
    d = document.getElementsByTagName('div');
    for (i = 0; i < d.length; i++) {
      if (d[i].className == 'log') {
        flip(d[i]);
      }
    }
  }
}

// -->
</script>

</head>
<body>
<h2 align='center'>Default test</h2><table border='1' align="center">
<tr>
<td>Tests passed/Failed/Skipped:</td><td>0/5/0</td>
</tr><tr>
<td>Started on:</td><td>Wed Jun 09 10:03:46 IST 2021</td>
</tr>
<tr><td>Total time:</td><td>14 seconds (14135 ms)</td>
</tr><tr>
<td>Included groups:</td><td></td>
</tr><tr>
<td>Excluded groups:</td><td></td>
</tr>
</table><p/>
<small><i>(Hover the method name to see the test class name)</i></small><p/>
<table width='100%' border='1' class='invocation-failed'>
<tr><td colspan='4' align='center'><b>FAILED TESTS</b></td></tr>
<tr><td><b>Test method</b></td>
<td width="30%"><b>Exception</b></td>
<td width="10%"><b>Time (seconds)</b></td>
<td><b>Instance</b></td>
</tr>
<tr>
<td title='StepDefinitions.TestRunner.runScenario()'><b>runScenario</b><br>Test class: StepDefinitions.TestRunner<br>Test method: Runs Cucumber Scenarios<br>Parameters: "Check login is succesful with valid credential", "Optional[Test Login functionality]"</td>
<td><div><pre>java.lang.NullPointerException: Cannot invoke &quot;com.aventstack.extentreports.ExtentTest.fail(com.aventstack.extentreports.markuputils.Markup)&quot; because &quot;extenttest&quot; is null
	at Listeners.ExtentReportListener.testStepHandle(ExtentReportListener.java:48)
	at StepDefinitions.LoginTest.browser_is_open(LoginTest.java:47)
	at ?.browser is open(file:///C:/Users/gtranulo/eclipse-workspace/BddFrameworkDataDriven2/src/test/resources/Features/loginTest.feature:5)
</pre></div><a href='#' onClick='toggleBox("stack-trace965970134", this, "Click to show all stack frames", "Click to hide stack frames")'>Click to show all stack frames</a>
<div class='stack-trace' id='stack-trace965970134'><pre>java.lang.NullPointerException: Cannot invoke &quot;com.aventstack.extentreports.ExtentTest.fail(com.aventstack.extentreports.markuputils.Markup)&quot; because &quot;extenttest&quot; is null
	at Listeners.ExtentReportListener.testStepHandle(ExtentReportListener.java:48)
	at StepDefinitions.LoginTest.browser_is_open(LoginTest.java:47)
	at ?.browser is open(file:///C:/Users/gtranulo/eclipse-workspace/BddFrameworkDataDriven2/src/test/resources/Features/loginTest.feature:5)
</pre></div></td>
<td>8</td>
<td>StepDefinitions.TestRunner@1b2abca6</td></tr>
<tr>
<td title='StepDefinitions.TestRunner.runScenario()'><b>runScenario</b><br>Test class: StepDefinitions.TestRunner<br>Test method: Runs Cucumber Scenarios<br>Parameters: "Check login is succesful with valid credential", "Optional[Test Login functionality]"</td>
<td><div><pre>java.lang.NullPointerException: Cannot invoke &quot;com.aventstack.extentreports.ExtentTest.fail(com.aventstack.extentreports.markuputils.Markup)&quot; because &quot;extenttest&quot; is null
	at Listeners.ExtentReportListener.testStepHandle(ExtentReportListener.java:48)
	at StepDefinitions.LoginTest.browser_is_open(LoginTest.java:47)
	at ?.browser is open(file:///C:/Users/gtranulo/eclipse-workspace/BddFrameworkDataDriven2/src/test/resources/Features/loginTest.feature:5)
</pre></div><a href='#' onClick='toggleBox("stack-trace469528033", this, "Click to show all stack frames", "Click to hide stack frames")'>Click to show all stack frames</a>
<div class='stack-trace' id='stack-trace469528033'><pre>java.lang.NullPointerException: Cannot invoke &quot;com.aventstack.extentreports.ExtentTest.fail(com.aventstack.extentreports.markuputils.Markup)&quot; because &quot;extenttest&quot; is null
	at Listeners.ExtentReportListener.testStepHandle(ExtentReportListener.java:48)
	at StepDefinitions.LoginTest.browser_is_open(LoginTest.java:47)
	at ?.browser is open(file:///C:/Users/gtranulo/eclipse-workspace/BddFrameworkDataDriven2/src/test/resources/Features/loginTest.feature:5)
</pre></div></td>
<td>9</td>
<td>StepDefinitions.TestRunner@1b2abca6</td></tr>
<tr>
<td title='StepDefinitions.TestRunner.runScenario()'><b>runScenario</b><br>Test class: StepDefinitions.TestRunner<br>Test method: Runs Cucumber Scenarios<br>Parameters: "Check login is succesful with valid credential", "Optional[Test Login functionality]"</td>
<td><div><pre>java.lang.NullPointerException: Cannot invoke &quot;com.aventstack.extentreports.ExtentTest.fail(com.aventstack.extentreports.markuputils.Markup)&quot; because &quot;extenttest&quot; is null
	at Listeners.ExtentReportListener.testStepHandle(ExtentReportListener.java:48)
	at StepDefinitions.LoginTest.browser_is_open(LoginTest.java:47)
	at ?.browser is open(file:///C:/Users/gtranulo/eclipse-workspace/BddFrameworkDataDriven2/src/test/resources/Features/loginTest.feature:5)
</pre></div><a href='#' onClick='toggleBox("stack-trace391417217", this, "Click to show all stack frames", "Click to hide stack frames")'>Click to show all stack frames</a>
<div class='stack-trace' id='stack-trace391417217'><pre>java.lang.NullPointerException: Cannot invoke &quot;com.aventstack.extentreports.ExtentTest.fail(com.aventstack.extentreports.markuputils.Markup)&quot; because &quot;extenttest&quot; is null
	at Listeners.ExtentReportListener.testStepHandle(ExtentReportListener.java:48)
	at StepDefinitions.LoginTest.browser_is_open(LoginTest.java:47)
	at ?.browser is open(file:///C:/Users/gtranulo/eclipse-workspace/BddFrameworkDataDriven2/src/test/resources/Features/loginTest.feature:5)
</pre></div></td>
<td>9</td>
<td>StepDefinitions.TestRunner@1b2abca6</td></tr>
<tr>
<td title='StepDefinitions.TestRunner.runScenario()'><b>runScenario</b><br>Test class: StepDefinitions.TestRunner<br>Test method: Runs Cucumber Scenarios<br>Parameters: "Check login is succesful with valid credential", "Optional[Test Login functionality]"</td>
<td><div><pre>java.lang.NullPointerException: Cannot invoke &quot;com.aventstack.extentreports.ExtentTest.fail(com.aventstack.extentreports.markuputils.Markup)&quot; because &quot;extenttest&quot; is null
	at Listeners.ExtentReportListener.testStepHandle(ExtentReportListener.java:48)
	at StepDefinitions.LoginTest.browser_is_open(LoginTest.java:47)
	at ?.browser is open(file:///C:/Users/gtranulo/eclipse-workspace/BddFrameworkDataDriven2/src/test/resources/Features/loginTest.feature:5)
</pre></div><a href='#' onClick='toggleBox("stack-trace484333626", this, "Click to show all stack frames", "Click to hide stack frames")'>Click to show all stack frames</a>
<div class='stack-trace' id='stack-trace484333626'><pre>java.lang.NullPointerException: Cannot invoke &quot;com.aventstack.extentreports.ExtentTest.fail(com.aventstack.extentreports.markuputils.Markup)&quot; because &quot;extenttest&quot; is null
	at Listeners.ExtentReportListener.testStepHandle(ExtentReportListener.java:48)
	at StepDefinitions.LoginTest.browser_is_open(LoginTest.java:47)
	at ?.browser is open(file:///C:/Users/gtranulo/eclipse-workspace/BddFrameworkDataDriven2/src/test/resources/Features/loginTest.feature:5)
</pre></div></td>
<td>9</td>
<td>StepDefinitions.TestRunner@1b2abca6</td></tr>
<tr>
<td title='StepDefinitions.TestRunner.runScenario()'><b>runScenario</b><br>Test class: StepDefinitions.TestRunner<br>Test method: Runs Cucumber Scenarios<br>Parameters: "validate title on 3schools  page", "Optional[Test Tiltle on the 3schools page]"</td>
<td><div><pre>java.lang.NullPointerException: Cannot invoke &quot;com.aventstack.extentreports.ExtentTest.fail(com.aventstack.extentreports.markuputils.Markup)&quot; because &quot;extenttest&quot; is null
	at Listeners.ExtentReportListener.testStepHandle(ExtentReportListener.java:48)
	at StepDefinitions.SchoolsHtml.check_the_firefox_browser_is_open(SchoolsHtml.java:40)
	at ?.check the Firefox browser is open(file:///C:/Users/gtranulo/eclipse-workspace/BddFrameworkDataDriven2/src/test/resources/Features/3schools.feature:5)
</pre></div><a href='#' onClick='toggleBox("stack-trace230762698", this, "Click to show all stack frames", "Click to hide stack frames")'>Click to show all stack frames</a>
<div class='stack-trace' id='stack-trace230762698'><pre>java.lang.NullPointerException: Cannot invoke &quot;com.aventstack.extentreports.ExtentTest.fail(com.aventstack.extentreports.markuputils.Markup)&quot; because &quot;extenttest&quot; is null
	at Listeners.ExtentReportListener.testStepHandle(ExtentReportListener.java:48)
	at StepDefinitions.SchoolsHtml.check_the_firefox_browser_is_open(SchoolsHtml.java:40)
	at ?.check the Firefox browser is open(file:///C:/Users/gtranulo/eclipse-workspace/BddFrameworkDataDriven2/src/test/resources/Features/3schools.feature:5)
</pre></div></td>
<td>13</td>
<td>StepDefinitions.TestRunner@1b2abca6</td></tr>
</table><p>
</body>
</html>