<?xml version="1.0" encoding="UTF-8"?>
<!-- Generated by org.testng.reporters.JUnitXMLReporter -->
<testsuite ignored="0" hostname="LIE-5CG9343LNV" failures="5" tests="5" name="Default test" time="14.135" errors="0" timestamp="2021-06-09T10:04:00 IST">
  <testcase classname="io.cucumber.testng.AbstractTestNGCucumberTests" name="runScenario" time="8.378">
    <failure type="java.lang.NullPointerException" message="Cannot invoke &amp;quot;com.aventstack.extentreports.ExtentTest.fail(com.aventstack.extentreports.markuputils.Markup)&amp;quot; because &amp;quot;extenttest&amp;quot; is null">
      <![CDATA[java.lang.NullPointerException: Cannot invoke "com.aventstack.extentreports.ExtentTest.fail(com.aventstack.extentreports.markuputils.Markup)" because "extenttest" is null
at Listeners.ExtentReportListener.testStepHandle(ExtentReportListener.java:48)
at StepDefinitions.LoginTest.browser_is_open(LoginTest.java:47)
at ✽.browser is open(file:///C:/Users/gtranulo/eclipse-workspace/BddFrameworkDataDriven2/src/test/resources/Features/loginTest.feature:5)
]]>
    </failure>
  </testcase> <!-- runScenario -->
  <testcase classname="io.cucumber.testng.AbstractTestNGCucumberTests" name="runScenario" time="9.021">
    <failure type="java.lang.NullPointerException" message="Cannot invoke &amp;quot;com.aventstack.extentreports.ExtentTest.fail(com.aventstack.extentreports.markuputils.Markup)&amp;quot; because &amp;quot;extenttest&amp;quot; is null">
      <![CDATA[java.lang.NullPointerException: Cannot invoke "com.aventstack.extentreports.ExtentTest.fail(com.aventstack.extentreports.markuputils.Markup)" because "extenttest" is null
at Listeners.ExtentReportListener.testStepHandle(ExtentReportListener.java:48)
at StepDefinitions.LoginTest.browser_is_open(LoginTest.java:47)
at ✽.browser is open(file:///C:/Users/gtranulo/eclipse-workspace/BddFrameworkDataDriven2/src/test/resources/Features/loginTest.feature:5)
]]>
    </failure>
  </testcase> <!-- runScenario -->
  <testcase classname="io.cucumber.testng.AbstractTestNGCucumberTests" name="runScenario" time="9.189">
    <failure type="java.lang.NullPointerException" message="Cannot invoke &amp;quot;com.aventstack.extentreports.ExtentTest.fail(com.aventstack.extentreports.markuputils.Markup)&amp;quot; because &amp;quot;extenttest&amp;quot; is null">
      <![CDATA[java.lang.NullPointerException: Cannot invoke "com.aventstack.extentreports.ExtentTest.fail(com.aventstack.extentreports.markuputils.Markup)" because "extenttest" is null
at Listeners.ExtentReportListener.testStepHandle(ExtentReportListener.java:48)
at StepDefinitions.LoginTest.browser_is_open(LoginTest.java:47)
at ✽.browser is open(file:///C:/Users/gtranulo/eclipse-workspace/BddFrameworkDataDriven2/src/test/resources/Features/loginTest.feature:5)
]]>
    </failure>
  </testcase> <!-- runScenario -->
  <testcase classname="io.cucumber.testng.AbstractTestNGCucumberTests" name="runScenario" time="9.687">
    <failure type="java.lang.NullPointerException" message="Cannot invoke &amp;quot;com.aventstack.extentreports.ExtentTest.fail(com.aventstack.extentreports.markuputils.Markup)&amp;quot; because &amp;quot;extenttest&amp;quot; is null">
      <![CDATA[java.lang.NullPointerException: Cannot invoke "com.aventstack.extentreports.ExtentTest.fail(com.aventstack.extentreports.markuputils.Markup)" because "extenttest" is null
at Listeners.ExtentReportListener.testStepHandle(ExtentReportListener.java:48)
at StepDefinitions.LoginTest.browser_is_open(LoginTest.java:47)
at ✽.browser is open(file:///C:/Users/gtranulo/eclipse-workspace/BddFrameworkDataDriven2/src/test/resources/Features/loginTest.feature:5)
]]>
    </failure>
  </testcase> <!-- runScenario -->
  <testcase classname="io.cucumber.testng.AbstractTestNGCucumberTests" name="runScenario" time="13.66">
    <failure type="java.lang.NullPointerException" message="Cannot invoke &amp;quot;com.aventstack.extentreports.ExtentTest.fail(com.aventstack.extentreports.markuputils.Markup)&amp;quot; because &amp;quot;extenttest&amp;quot; is null">
      <![CDATA[java.lang.NullPointerException: Cannot invoke "com.aventstack.extentreports.ExtentTest.fail(com.aventstack.extentreports.markuputils.Markup)" because "extenttest" is null
at Listeners.ExtentReportListener.testStepHandle(ExtentReportListener.java:48)
at StepDefinitions.SchoolsHtml.check_the_firefox_browser_is_open(SchoolsHtml.java:40)
at ✽.check the Firefox browser is open(file:///C:/Users/gtranulo/eclipse-workspace/BddFrameworkDataDriven2/src/test/resources/Features/3schools.feature:5)
]]>
    </failure>
  </testcase> <!-- runScenario -->
</testsuite> <!-- Default test -->
